# JRE version: Java(TM) SE Runtime Environment (8.0_221-b11) (build 1.8.0_221-b11)
# Java VM: Java HotSpot(TM) 64-Bit Server VM (25.221-b11 mixed mode windows-amd64 compressed oops)
Heap:
 PSYoungGen      total 46080K, used 43474K [0x00000000d5f00000, 0x00000000d9680000, 0x0000000100000000)
  eden space 40960K, 98% used [0x00000000d5f00000,0x00000000d8682b40,0x00000000d8700000)
  from space 5120K, 58% used [0x00000000d8c00000,0x00000000d8ef2068,0x00000000d9100000)
  to   space 5120K, 0% used [0x00000000d8700000,0x00000000d8700000,0x00000000d8c00000)
 ParOldGen       total 61952K, used 6848K [0x0000000081c00000, 0x0000000085880000, 0x00000000d5f00000)
  object space 61952K, 11% used [0x0000000081c00000,0x00000000822b0050,0x0000000085880000)
 Metaspace       used 24232K, capacity 25608K, committed 25856K, reserved 1075200K
  class space    used 3198K, capacity 3510K, committed 3584K, reserved 1048576K
GC Heap History (10 events):
Event: 2.713 GC heap before
{Heap before GC invocations=4 (full 1):
 PSYoungGen      total 38400K, used 36662K [0x00000000d5f00000, 0x00000000d9080000, 0x0000000100000000)
  eden space 33280K, 100% used [0x00000000d5f00000,0x00000000d7f80000,0x00000000d7f80000)
  from space 5120K, 66% used [0x00000000d8480000,0x00000000d87cd838,0x00000000d8980000)
  to   space 5120K, 0% used [0x00000000d7f80000,0x00000000d7f80000,0x00000000d8480000)
 ParOldGen       total 61952K, used 3031K [0x0000000081c00000, 0x0000000085880000, 0x00000000d5f00000)
  object space 61952K, 4% used [0x0000000081c00000,0x0000000081ef5eb8,0x0000000085880000)
 Metaspace       used 14914K, capacity 15976K, committed 16256K, reserved 1067008K
  class space    used 1904K, capacity 2116K, committed 2176K, reserved 1048576K
Event: 2.717 GC heap after
Heap after GC invocations=4 (full 1):
 PSYoungGen      total 38400K, used 4354K [0x00000000d5f00000, 0x00000000d9100000, 0x0000000100000000)
  eden space 33280K, 0% used [0x00000000d5f00000,0x00000000d5f00000,0x00000000d7f80000)
  from space 5120K, 85% used [0x00000000d7f80000,0x00000000d83c0a30,0x00000000d8480000)
  to   space 5120K, 0% used [0x00000000d8c00000,0x00000000d8c00000,0x00000000d9100000)
 ParOldGen       total 61952K, used 3039K [0x0000000081c00000, 0x0000000085880000, 0x00000000d5f00000)
  object space 61952K, 4% used [0x0000000081c00000,0x0000000081ef7eb8,0x0000000085880000)
 Metaspace       used 14914K, capacity 15976K, committed 16256K, reserved 1067008K
  class space    used 1904K, capacity 2116K, committed 2176K, reserved 1048576K
}
Event: 2.944 GC heap before
{Heap before GC invocations=5 (full 1):
 PSYoungGen      total 38400K, used 37634K [0x00000000d5f00000, 0x00000000d9100000, 0x0000000100000000)
  eden space 33280K, 100% used [0x00000000d5f00000,0x00000000d7f80000,0x00000000d7f80000)
  from space 5120K, 85% used [0x00000000d7f80000,0x00000000d83c0a30,0x00000000d8480000)
  to   space 5120K, 0% used [0x00000000d8c00000,0x00000000d8c00000,0x00000000d9100000)
 ParOldGen       total 61952K, used 3039K [0x0000000081c00000, 0x0000000085880000, 0x00000000d5f00000)
  object space 61952K, 4% used [0x0000000081c00000,0x0000000081ef7eb8,0x0000000085880000)
 Metaspace       used 17849K, capacity 19034K, committed 19328K, reserved 1069056K
  class space    used 2366K, capacity 2623K, committed 2688K, reserved 1048576K
Event: 2.950 GC heap after
Heap after GC invocations=5 (full 1):
 PSYoungGen      total 46080K, used 4871K [0x00000000d5f00000, 0x00000000d9680000, 0x0000000100000000)
  eden space 40960K, 0% used [0x00000000d5f00000,0x00000000d5f00000,0x00000000d8700000)
  from space 5120K, 95% used [0x00000000d8c00000,0x00000000d90c1fa8,0x00000000d9100000)
  to   space 5120K, 0% used [0x00000000d8700000,0x00000000d8700000,0x00000000d8c00000)
 ParOldGen       total 61952K, used 3047K [0x0000000081c00000, 0x0000000085880000, 0x00000000d5f00000)
  object space 61952K, 4% used [0x0000000081c00000,0x0000000081ef9eb8,0x0000000085880000)
 Metaspace       used 17849K, capacity 19034K, committed 19328K, reserved 1069056K
  class space    used 2366K, capacity 2623K, committed 2688K, reserved 1048576K
}
Event: 3.118 GC heap before
{Heap before GC invocations=6 (full 1):
 PSYoungGen      total 46080K, used 34235K [0x00000000d5f00000, 0x00000000d9680000, 0x0000000100000000)
  eden space 40960K, 71% used [0x00000000d5f00000,0x00000000d7bacc80,0x00000000d8700000)
  from space 5120K, 95% used [0x00000000d8c00000,0x00000000d90c1fa8,0x00000000d9100000)
  to   space 5120K, 0% used [0x00000000d8700000,0x00000000d8700000,0x00000000d8c00000)
 ParOldGen       total 61952K, used 3047K [0x0000000081c00000, 0x0000000085880000, 0x00000000d5f00000)
  object space 61952K, 4% used [0x0000000081c00000,0x0000000081ef9eb8,0x0000000085880000)
 Metaspace       used 19814K, capacity 21072K, committed 21248K, reserved 1071104K
  class space    used 2698K, capacity 2948K, committed 3072K, reserved 1048576K
Event: 3.155 GC heap after
Heap after GC invocations=6 (full 1):
 PSYoungGen      total 46080K, used 5107K [0x00000000d5f00000, 0x00000000d9680000, 0x0000000100000000)
  eden space 40960K, 0% used [0x00000000d5f00000,0x00000000d5f00000,0x00000000d8700000)
  from space 5120K, 99% used [0x00000000d8700000,0x00000000d8bfcea8,0x00000000d8c00000)
  to   space 5120K, 0% used [0x00000000d8c00000,0x00000000d8c00000,0x00000000d9100000)
 ParOldGen       total 61952K, used 3236K [0x0000000081c00000, 0x0000000085880000, 0x00000000d5f00000)
  object space 61952K, 5% used [0x0000000081c00000,0x0000000081f29030,0x0000000085880000)
 Metaspace       used 19814K, capacity 21072K, committed 21248K, reserved 1071104K
  class space    used 2698K, capacity 2948K, committed 3072K, reserved 1048576K
}
Event: 3.155 GC heap before
{Heap before GC invocations=7 (full 2):
 PSYoungGen      total 46080K, used 5107K [0x00000000d5f00000, 0x00000000d9680000, 0x0000000100000000)
  eden space 40960K, 0% used [0x00000000d5f00000,0x00000000d5f00000,0x00000000d8700000)
  from space 5120K, 99% used [0x00000000d8700000,0x00000000d8bfcea8,0x00000000d8c00000)
  to   space 5120K, 0% used [0x00000000d8c00000,0x00000000d8c00000,0x00000000d9100000)
 ParOldGen       total 61952K, used 3236K [0x0000000081c00000, 0x0000000085880000, 0x00000000d5f00000)
  object space 61952K, 5% used [0x0000000081c00000,0x0000000081f29030,0x0000000085880000)
 Metaspace       used 19814K, capacity 21072K, committed 21248K, reserved 1071104K
  class space    used 2698K, capacity 2948K, committed 3072K, reserved 1048576K
Event: 3.176 GC heap after
Heap after GC invocations=7 (full 2):
 PSYoungGen      total 46080K, used 0K [0x00000000d5f00000, 0x00000000d9680000, 0x0000000100000000)
  eden space 40960K, 0% used [0x00000000d5f00000,0x00000000d5f00000,0x00000000d8700000)
  from space 5120K, 0% used [0x00000000d8700000,0x00000000d8700000,0x00000000d8c00000)
  to   space 5120K, 0% used [0x00000000d8c00000,0x00000000d8c00000,0x00000000d9100000)
 ParOldGen       total 61952K, used 6848K [0x0000000081c00000, 0x0000000085880000, 0x00000000d5f00000)
  object space 61952K, 11% used [0x0000000081c00000,0x00000000822b0050,0x0000000085880000)
 Metaspace       used 19814K, capacity 21072K, committed 21248K, reserved 1071104K
  class space    used 2698K, capacity 2948K, committed 3072K, reserved 1048576K
}
Event: 3.361 GC heap before
{Heap before GC invocations=8 (full 2):
 PSYoungGen      total 46080K, used 40947K [0x00000000d5f00000, 0x00000000d9680000, 0x0000000100000000)
  eden space 40960K, 99% used [0x00000000d5f00000,0x00000000d86fcd30,0x00000000d8700000)
  from space 5120K, 0% used [0x00000000d8700000,0x00000000d8700000,0x00000000d8c00000)
  to   space 5120K, 0% used [0x00000000d8c00000,0x00000000d8c00000,0x00000000d9100000)
 ParOldGen       total 61952K, used 6848K [0x0000000081c00000, 0x0000000085880000, 0x00000000d5f00000)
  object space 61952K, 11% used [0x0000000081c00000,0x00000000822b0050,0x0000000085880000)
 Metaspace       used 22114K, capacity 23506K, committed 23808K, reserved 1073152K
  class space    used 2966K, capacity 3265K, committed 3328K, reserved 1048576K
Event: 3.364 GC heap after
Heap after GC invocations=8 (full 2):
 PSYoungGen      total 46080K, used 3016K [0x00000000d5f00000, 0x00000000d9680000, 0x0000000100000000)
  eden space 40960K, 0% used [0x00000000d5f00000,0x00000000d5f00000,0x00000000d8700000)
  from space 5120K, 58% used [0x00000000d8c00000,0x00000000d8ef2068,0x00000000d9100000)
  to   space 5120K, 0% used [0x00000000d8700000,0x00000000d8700000,0x00000000d8c00000)
 ParOldGen       total 61952K, used 6848K [0x0000000081c00000, 0x0000000085880000, 0x00000000d5f00000)
  object space 61952K, 11% used [0x0000000081c00000,0x00000000822b0050,0x0000000085880000)
 Metaspace       used 22114K, capacity 23506K, committed 23808K, reserved 1073152K
  class space    used 2966K, capacity 3265K, committed 3328K, reserved 1048576K
}

